# JRE version: Java(TM) SE Runtime Environment (14.0.1+7) (build 14.0.1+7)
# Java VM: Java HotSpot(TM) 64-Bit Server VM (14.0.1+7, mixed mode, sharing, tiered, compressed oops, g1 gc, windows-amd64)
Heap:
 garbage-first heap   total 37888K, used 20320K [0x0000000081e00000, 0x0000000100000000)
  region size 1024K, 7 young (7168K), 1 survivors (1024K)
 Metaspace       used 35230K, capacity 36162K, committed 36480K, reserved 1081344K
  class space    used 4284K, capacity 4611K, committed 4736K, reserved 1048576K
GC Heap History (20 events):
Event: 0.876 GC heap before
{Heap before GC invocations=1 (full 0):
 garbage-first heap   total 131072K, used 33372K [0x0000000081e00000, 0x0000000100000000)
  region size 1024K, 32 young (32768K), 3 survivors (3072K)
 Metaspace       used 11647K, capacity 12409K, committed 12544K, reserved 1060864K
  class space    used 1405K, capacity 1536K, committed 1536K, reserved 1048576K
}
Event: 0.880 GC heap after
{Heap after GC invocations=2 (full 0):
 garbage-first heap   total 131072K, used 6091K [0x0000000081e00000, 0x0000000100000000)
  region size 1024K, 2 young (2048K), 2 survivors (2048K)
 Metaspace       used 11647K, capacity 12409K, committed 12544K, reserved 1060864K
  class space    used 1405K, capacity 1536K, committed 1536K, reserved 1048576K
}
Event: 1.421 GC heap before
{Heap before GC invocations=2 (full 0):
 garbage-first heap   total 131072K, used 53195K [0x0000000081e00000, 0x0000000100000000)
  region size 1024K, 49 young (50176K), 2 survivors (2048K)
 Metaspace       used 20631K, capacity 21157K, committed 21248K, reserved 1067008K
  class space    used 2504K, capacity 2726K, committed 2816K, reserved 1048576K
}
Event: 1.425 GC heap after
{Heap after GC invocations=3 (full 0):
 garbage-first heap   total 131072K, used 8353K [0x0000000081e00000, 0x0000000100000000)
  region size 1024K, 4 young (4096K), 4 survivors (4096K)
 Metaspace       used 20631K, capacity 21157K, committed 21248K, reserved 1067008K
  class space    used 2504K, capacity 2726K, committed 2816K, reserved 1048576K
}
Event: 1.747 GC heap before
{Heap before GC invocations=4 (full 0):
 garbage-first heap   total 37888K, used 26785K [0x0000000081e00000, 0x0000000100000000)
  region size 1024K, 22 young (22528K), 4 survivors (4096K)
 Metaspace       used 22007K, capacity 22615K, committed 22912K, reserved 1069056K
  class space    used 2646K, capacity 2860K, committed 2944K, reserved 1048576K
}
Event: 1.750 GC heap after
{Heap after GC invocations=5 (full 0):
 garbage-first heap   total 37888K, used 8881K [0x0000000081e00000, 0x0000000100000000)
  region size 1024K, 2 young (2048K), 2 survivors (2048K)
 Metaspace       used 22007K, capacity 22615K, committed 22912K, reserved 1069056K
  class space    used 2646K, capacity 2860K, committed 2944K, reserved 1048576K
}
Event: 2.100 GC heap before
{Heap before GC invocations=5 (full 0):
 garbage-first heap   total 37888K, used 26289K [0x0000000081e00000, 0x0000000100000000)
  region size 1024K, 20 young (20480K), 2 survivors (2048K)
 Metaspace       used 25191K, capacity 25935K, committed 26240K, reserved 1073152K
  class space    used 3079K, capacity 3364K, committed 3456K, reserved 1048576K
}
Event: 2.102 GC heap after
{Heap after GC invocations=6 (full 0):
 garbage-first heap   total 37888K, used 10085K [0x0000000081e00000, 0x0000000100000000)
  region size 1024K, 3 young (3072K), 3 survivors (3072K)
 Metaspace       used 25191K, capacity 25935K, committed 26240K, reserved 1073152K
  class space    used 3079K, capacity 3364K, committed 3456K, reserved 1048576K
}
Event: 2.383 GC heap before
{Heap before GC invocations=6 (full 0):
 garbage-first heap   total 37888K, used 27493K [0x0000000081e00000, 0x0000000100000000)
  region size 1024K, 20 young (20480K), 3 survivors (3072K)
 Metaspace       used 27993K, capacity 28736K, committed 28800K, reserved 1075200K
  class space    used 3383K, capacity 3678K, committed 3712K, reserved 1048576K
}
Event: 2.386 GC heap after
{Heap after GC invocations=7 (full 0):
 garbage-first heap   total 37888K, used 11113K [0x0000000081e00000, 0x0000000100000000)
  region size 1024K, 3 young (3072K), 3 survivors (3072K)
 Metaspace       used 27993K, capacity 28736K, committed 28800K, reserved 1075200K
  class space    used 3383K, capacity 3678K, committed 3712K, reserved 1048576K
}
Event: 2.717 GC heap before
{Heap before GC invocations=7 (full 0):
 garbage-first heap   total 37888K, used 28521K [0x0000000081e00000, 0x0000000100000000)
  region size 1024K, 20 young (20480K), 3 survivors (3072K)
 Metaspace       used 30240K, capacity 31038K, committed 31232K, reserved 1077248K
  class space    used 3676K, capacity 3993K, committed 4096K, reserved 1048576K
}
Event: 2.720 GC heap after
{Heap after GC invocations=8 (full 0):
 garbage-first heap   total 37888K, used 12418K [0x0000000081e00000, 0x0000000100000000)
  region size 1024K, 3 young (3072K), 3 survivors (3072K)
 Metaspace       used 30240K, capacity 31038K, committed 31232K, reserved 1077248K
  class space    used 3676K, capacity 3993K, committed 4096K, reserved 1048576K
}
Event: 9.075 GC heap before
{Heap before GC invocations=8 (full 0):
 garbage-first heap   total 37888K, used 27778K [0x0000000081e00000, 0x0000000100000000)
  region size 1024K, 18 young (18432K), 3 survivors (3072K)
 Metaspace       used 32884K, capacity 33723K, committed 33792K, reserved 1079296K
  class space    used 3990K, capacity 4312K, committed 4352K, reserved 1048576K
}
Event: 9.079 GC heap after
{Heap after GC invocations=9 (full 0):
 garbage-first heap   total 37888K, used 13682K [0x0000000081e00000, 0x0000000100000000)
  region size 1024K, 3 young (3072K), 3 survivors (3072K)
 Metaspace       used 32884K, capacity 33723K, committed 33792K, reserved 1079296K
  class space    used 3990K, capacity 4312K, committed 4352K, reserved 1048576K
}
Event: 9.235 GC heap before
{Heap before GC invocations=9 (full 0):
 garbage-first heap   total 37888K, used 23922K [0x0000000081e00000, 0x0000000100000000)
  region size 1024K, 14 young (14336K), 3 survivors (3072K)
 Metaspace       used 34830K, capacity 35683K, committed 35840K, reserved 1081344K
  class space    used 4255K, capacity 4580K, committed 4608K, reserved 1048576K
}
Event: 9.240 GC heap after
{Heap after GC invocations=10 (full 0):
 garbage-first heap   total 37888K, used 15231K [0x0000000081e00000, 0x0000000100000000)
  region size 1024K, 3 young (3072K), 3 survivors (3072K)
 Metaspace       used 34830K, capacity 35683K, committed 35840K, reserved 1081344K
  class space    used 4255K, capacity 4580K, committed 4608K, reserved 1048576K
}
Event: 1055.724 GC heap before
{Heap before GC invocations=11 (full 0):
 garbage-first heap   total 37888K, used 28543K [0x0000000081e00000, 0x0000000100000000)
  region size 1024K, 16 young (16384K), 3 survivors (3072K)
 Metaspace       used 35196K, capacity 36098K, committed 36224K, reserved 1081344K
  class space    used 4284K, capacity 4611K, committed 4736K, reserved 1048576K
}
Event: 1055.727 GC heap after
{Heap after GC invocations=12 (full 0):
 garbage-first heap   total 37888K, used 15578K [0x0000000081e00000, 0x0000000100000000)
  region size 1024K, 1 young (1024K), 1 survivors (1024K)
 Metaspace       used 35196K, capacity 36098K, committed 36224K, reserved 1081344K
  class space    used 4284K, capacity 4611K, committed 4736K, reserved 1048576K
}
Event: 2207.939 GC heap before
{Heap before GC invocations=12 (full 0):
 garbage-first heap   total 37888K, used 28890K [0x0000000081e00000, 0x0000000100000000)
  region size 1024K, 14 young (14336K), 1 survivors (1024K)
 Metaspace       used 35200K, capacity 36098K, committed 36224K, reserved 1081344K
  class space    used 4284K, capacity 4611K, committed 4736K, reserved 1048576K
}
Event: 2207.941 GC heap after
{Heap after GC invocations=13 (full 0):
 garbage-first heap   total 37888K, used 15200K [0x0000000081e00000, 0x0000000100000000)
  region size 1024K, 1 young (1024K), 1 survivors (1024K)
 Metaspace       used 35200K, capacity 36098K, committed 36224K, reserved 1081344K
  class space    used 4284K, capacity 4611K, committed 4736K, reserved 1048576K
}

